[2J[HCONTAINER ID   NAME      CPU %     MEM USAGE / LIMIT   MEM %     NET I/O   BLOCK I/O   PIDS
9f6fd6846bef   redis_test_10   0.04%     1.738MiB / 15.64GiB   0.01%     200B / 0B   4.08MB / 0B   2
9f6fd6846bef   redis_test_10   0.04%     1.738MiB / 15.64GiB   0.01%     200B / 0B   4.08MB / 0B   2
9f6fd6846bef   redis_test_10   142.38%   18.34MiB / 15.64GiB   0.11%     572B / 0B   14.2MB / 0B   6
9f6fd6846bef   redis_test_10   142.38%   18.34MiB / 15.64GiB   0.11%     572B / 0B   14.2MB / 0B   6
9f6fd6846bef   redis_test_10   185.21%   30.62MiB / 15.64GiB   0.19%     842B / 0B   14.2MB / 0B   6
9f6fd6846bef   redis_test_10   185.21%   30.62MiB / 15.64GiB   0.19%     842B / 0B   14.2MB / 0B   6
9f6fd6846bef   redis_test_10   184.55%   42.56MiB / 15.64GiB   0.27%     1.04kB / 0B   14.2MB / 0B   6
9f6fd6846bef   redis_test_10   184.55%   42.56MiB / 15.64GiB   0.27%     1.04kB / 0B   14.2MB / 0B   6
9f6fd6846bef   redis_test_10   184.83%   50.04MiB / 15.64GiB   0.31%     1.04kB / 0B   14.2MB / 0B   6
9f6fd6846bef   redis_test_10   184.83%   50.04MiB / 15.64GiB   0.31%     1.04kB / 0B   14.2MB / 0B   6
9f6fd6846bef   redis_test_10   179.57%   63.94MiB / 15.64GiB   0.40%     1.04kB / 0B   14.2MB / 0B   6
9f6fd6846bef   redis_test_10   179.57%   63.94MiB / 15.64GiB   0.40%     1.04kB / 0B   14.2MB / 0B   6
9f6fd6846bef   redis_test_10   189.37%   69.66MiB / 15.64GiB   0.44%     1.11kB / 0B   14.2MB / 0B   6
9f6fd6846bef   redis_test_10   189.37%   69.66MiB / 15.64GiB   0.44%     1.11kB / 0B   14.2MB / 0B   6
9f6fd6846bef   redis_test_10   173.65%   68.62MiB / 15.64GiB   0.43%     1.11kB / 0B   14.2MB / 0B   6
9f6fd6846bef   redis_test_10   173.65%   68.62MiB / 15.64GiB   0.43%     1.11kB / 0B   14.2MB / 0B   6
9f6fd6846bef   redis_test_10   181.37%   68.75MiB / 15.64GiB   0.43%     1.11kB / 0B   14.2MB / 0B   6
9f6fd6846bef   redis_test_10   181.37%   68.75MiB / 15.64GiB   0.43%     1.11kB / 0B   14.2MB / 0B   6
9f6fd6846bef   redis_test_10   181.37%   68.75MiB / 15.64GiB   0.43%     1.11kB / 0B   14.2MB / 0B   6
9f6fd6846bef   redis_test_10   175.60%   68.62MiB / 15.64GiB   0.43%     1.11kB / 0B   14.2MB / 0B   6
9f6fd6846bef   redis_test_10   175.60%   68.62MiB / 15.64GiB   0.43%     1.11kB / 0B   14.2MB / 0B   6
9f6fd6846bef   redis_test_10   177.65%   68.86MiB / 15.64GiB   0.43%     1.11kB / 0B   14.2MB / 0B   6
9f6fd6846bef   redis_test_10   177.65%   68.86MiB / 15.64GiB   0.43%     1.11kB / 0B   14.2MB / 0B   6
9f6fd6846bef   redis_test_10   182.31%   68.86MiB / 15.64GiB   0.43%     1.11kB / 0B   14.2MB / 0B   6
9f6fd6846bef   redis_test_10   182.31%   68.86MiB / 15.64GiB   0.43%     1.11kB / 0B   14.2MB / 0B   6
9f6fd6846bef   redis_test_10   183.27%   68.62MiB / 15.64GiB   0.43%     1.11kB / 0B   14.2MB / 0B   6
9f6fd6846bef   redis_test_10   183.27%   68.62MiB / 15.64GiB   0.43%     1.11kB / 0B   14.2MB / 0B   6
9f6fd6846bef   redis_test_10   182.46%   68.75MiB / 15.64GiB   0.43%     1.11kB / 0B   14.2MB / 0B   6
9f6fd6846bef   redis_test_10   182.46%   68.75MiB / 15.64GiB   0.43%     1.11kB / 0B   14.2MB / 0B   6
9f6fd6846bef   redis_test_10   98.68%    67.17MiB / 15.64GiB   0.42%     1.18kB / 0B   14.2MB / 18.3MB   5

dfb44cd3e32e   redis_test_20   0.04%     1.109MiB / 15.64GiB   0.01%     200B / 0B   0B / 0B     1
dfb44cd3e32e   redis_test_20   0.04%     1.109MiB / 15.64GiB   0.01%     200B / 0B   0B / 0B     1
dfb44cd3e32e   redis_test_20   140.64%   16.07MiB / 15.64GiB   0.10%     486B / 0B   0B / 0B     6
dfb44cd3e32e   redis_test_20   140.64%   16.07MiB / 15.64GiB   0.10%     486B / 0B   0B / 0B     6
dfb44cd3e32e   redis_test_20   185.60%   28.18MiB / 15.64GiB   0.18%     646B / 0B   0B / 0B     6
dfb44cd3e32e   redis_test_20   185.60%   28.18MiB / 15.64GiB   0.18%     646B / 0B   0B / 0B     6
dfb44cd3e32e   redis_test_20   187.24%   41.74MiB / 15.64GiB   0.26%     736B / 0B   0B / 0B     6
dfb44cd3e32e   redis_test_20   187.24%   41.74MiB / 15.64GiB   0.26%     736B / 0B   0B / 0B     6
dfb44cd3e32e   redis_test_20   185.82%   49.96MiB / 15.64GiB   0.31%     736B / 0B   0B / 0B     6
dfb44cd3e32e   redis_test_20   185.82%   49.96MiB / 15.64GiB   0.31%     736B / 0B   0B / 0B     6
dfb44cd3e32e   redis_test_20   180.80%   56.33MiB / 15.64GiB   0.35%     736B / 0B   0B / 0B     6
dfb44cd3e32e   redis_test_20   180.80%   56.33MiB / 15.64GiB   0.35%     736B / 0B   0B / 0B     6
dfb44cd3e32e   redis_test_20   182.58%   70.13MiB / 15.64GiB   0.44%     806B / 0B   0B / 0B     6
dfb44cd3e32e   redis_test_20   182.58%   70.13MiB / 15.64GiB   0.44%     806B / 0B   0B / 0B     6
dfb44cd3e32e   redis_test_20   174.88%   74.58MiB / 15.64GiB   0.47%     806B / 0B   0B / 0B     6
dfb44cd3e32e   redis_test_20   174.88%   74.58MiB / 15.64GiB   0.47%     806B / 0B   0B / 0B     6
dfb44cd3e32e   redis_test_20   168.44%   74.16MiB / 15.64GiB   0.46%     806B / 0B   0B / 0B     6
dfb44cd3e32e   redis_test_20   168.44%   74.16MiB / 15.64GiB   0.46%     806B / 0B   0B / 0B     6
dfb44cd3e32e   redis_test_20   173.81%   74.47MiB / 15.64GiB   0.47%     806B / 0B   0B / 0B     6
dfb44cd3e32e   redis_test_20   173.81%   74.47MiB / 15.64GiB   0.47%     806B / 0B   0B / 0B     6
dfb44cd3e32e   redis_test_20   170.18%   74.78MiB / 15.64GiB   0.47%     806B / 0B   0B / 0B     6
dfb44cd3e32e   redis_test_20   170.18%   74.78MiB / 15.64GiB   0.47%     806B / 0B   0B / 0B     6
dfb44cd3e32e   redis_test_20   182.16%   70.64MiB / 15.64GiB   0.44%     806B / 0B   0B / 0B     6
dfb44cd3e32e   redis_test_20   182.16%   70.64MiB / 15.64GiB   0.44%     806B / 0B   0B / 0B     6
dfb44cd3e32e   redis_test_20   175.67%   70.67MiB / 15.64GiB   0.44%     806B / 0B   0B / 0B     6
dfb44cd3e32e   redis_test_20   175.67%   70.67MiB / 15.64GiB   0.44%     806B / 0B   0B / 0B     6
dfb44cd3e32e   redis_test_20   178.51%   70.56MiB / 15.64GiB   0.44%     806B / 0B   0B / 0B     6
dfb44cd3e32e   redis_test_20   178.51%   70.56MiB / 15.64GiB   0.44%     806B / 0B   0B / 0B     6
dfb44cd3e32e   redis_test_20   155.18%   67.9MiB / 15.64GiB   0.42%     806B / 0B   0B / 0B     5

8e9bbde054a8   redis_test_50   0.03%     1.133MiB / 15.64GiB   0.01%     200B / 0B   0B / 0B     1
8e9bbde054a8   redis_test_50   0.03%     1.133MiB / 15.64GiB   0.01%     200B / 0B   0B / 0B     1
8e9bbde054a8   redis_test_50   144.79%   19.89MiB / 15.64GiB   0.12%     486B / 0B   0B / 0B     6
8e9bbde054a8   redis_test_50   144.79%   19.89MiB / 15.64GiB   0.12%     486B / 0B   0B / 0B     6
8e9bbde054a8   redis_test_50   187.79%   35.61MiB / 15.64GiB   0.22%     646B / 0B   0B / 0B     6
8e9bbde054a8   redis_test_50   187.79%   35.61MiB / 15.64GiB   0.22%     646B / 0B   0B / 0B     6
8e9bbde054a8   redis_test_50   182.49%   51.82MiB / 15.64GiB   0.32%     736B / 0B   0B / 0B     6
8e9bbde054a8   redis_test_50   182.49%   51.82MiB / 15.64GiB   0.32%     736B / 0B   0B / 0B     6
8e9bbde054a8   redis_test_50   184.87%   62.24MiB / 15.64GiB   0.39%     736B / 0B   0B / 0B     6
8e9bbde054a8   redis_test_50   184.87%   62.24MiB / 15.64GiB   0.39%     736B / 0B   0B / 0B     6
8e9bbde054a8   redis_test_50   182.08%   70.19MiB / 15.64GiB   0.44%     736B / 0B   0B / 0B     6
8e9bbde054a8   redis_test_50   182.08%   70.19MiB / 15.64GiB   0.44%     736B / 0B   0B / 0B     6
8e9bbde054a8   redis_test_50   173.18%   85.63MiB / 15.64GiB   0.53%     736B / 0B   0B / 0B     6
8e9bbde054a8   redis_test_50   173.18%   85.63MiB / 15.64GiB   0.53%     736B / 0B   0B / 0B     6
8e9bbde054a8   redis_test_50   180.51%   92.24MiB / 15.64GiB   0.58%     806B / 0B   0B / 0B     6
8e9bbde054a8   redis_test_50   180.51%   92.24MiB / 15.64GiB   0.58%     806B / 0B   0B / 0B     6
8e9bbde054a8   redis_test_50   171.56%   92.65MiB / 15.64GiB   0.58%     806B / 0B   0B / 0B     6
8e9bbde054a8   redis_test_50   171.56%   92.65MiB / 15.64GiB   0.58%     806B / 0B   0B / 0B     6
8e9bbde054a8   redis_test_50   181.00%   92.44MiB / 15.64GiB   0.58%     806B / 0B   0B / 0B     6
8e9bbde054a8   redis_test_50   181.00%   92.44MiB / 15.64GiB   0.58%     806B / 0B   0B / 0B     6
8e9bbde054a8   redis_test_50   180.45%   92.39MiB / 15.64GiB   0.58%     806B / 0B   0B / 0B     6
8e9bbde054a8   redis_test_50   180.45%   92.39MiB / 15.64GiB   0.58%     806B / 0B   0B / 0B     6
8e9bbde054a8   redis_test_50   175.32%   88.45MiB / 15.64GiB   0.55%     806B / 0B   0B / 0B     6
8e9bbde054a8   redis_test_50   175.32%   88.45MiB / 15.64GiB   0.55%     806B / 0B   0B / 0B     6
8e9bbde054a8   redis_test_50   183.75%   88.6MiB / 15.64GiB   0.55%     806B / 0B   0B / 0B     6
8e9bbde054a8   redis_test_50   183.75%   88.6MiB / 15.64GiB   0.55%     806B / 0B   0B / 0B     6
8e9bbde054a8   redis_test_50   183.35%   88.46MiB / 15.64GiB   0.55%     806B / 0B   0B / 0B     6
8e9bbde054a8   redis_test_50   183.35%   88.46MiB / 15.64GiB   0.55%     806B / 0B   0B / 0B     6
8e9bbde054a8   redis_test_50   167.48%   85.92MiB / 15.64GiB   0.54%     806B / 0B   0B / 0B     5
8e9bbde054a8   redis_test_50   167.48%   85.92MiB / 15.64GiB   0.54%     806B / 0B   0B / 0B     5

a70efd518cc2   redis_test_100   0.03%     1.227MiB / 15.64GiB   0.01%     200B / 0B   0B / 0B     1
a70efd518cc2   redis_test_100   0.03%     1.227MiB / 15.64GiB   0.01%     200B / 0B   0B / 0B     1
a70efd518cc2   redis_test_100   144.00%   26.17MiB / 15.64GiB   0.16%     486B / 0B   0B / 0B     6
a70efd518cc2   redis_test_100   144.00%   26.17MiB / 15.64GiB   0.16%     486B / 0B   0B / 0B     6
a70efd518cc2   redis_test_100   188.36%   49.18MiB / 15.64GiB   0.31%     646B / 0B   0B / 0B     6
a70efd518cc2   redis_test_100   188.36%   49.18MiB / 15.64GiB   0.31%     646B / 0B   0B / 0B     6
a70efd518cc2   redis_test_100   188.58%   71.59MiB / 15.64GiB   0.45%     736B / 0B   0B / 0B     6
a70efd518cc2   redis_test_100   188.58%   71.59MiB / 15.64GiB   0.45%     736B / 0B   0B / 0B     6
a70efd518cc2   redis_test_100   183.76%   85.61MiB / 15.64GiB   0.53%     736B / 0B   0B / 0B     6
a70efd518cc2   redis_test_100   183.76%   85.61MiB / 15.64GiB   0.53%     736B / 0B   0B / 0B     6
a70efd518cc2   redis_test_100   187.20%   99.91MiB / 15.64GiB   0.62%     806B / 0B   0B / 0B     6
a70efd518cc2   redis_test_100   187.20%   99.91MiB / 15.64GiB   0.62%     806B / 0B   0B / 0B     6
a70efd518cc2   redis_test_100   191.82%   119.4MiB / 15.64GiB   0.75%     806B / 0B   0B / 0B     6
a70efd518cc2   redis_test_100   191.82%   119.4MiB / 15.64GiB   0.75%     806B / 0B   0B / 0B     6
a70efd518cc2   redis_test_100   176.85%   126.4MiB / 15.64GiB   0.79%     806B / 0B   0B / 0B     6
a70efd518cc2   redis_test_100   176.85%   126.4MiB / 15.64GiB   0.79%     806B / 0B   0B / 0B     6
a70efd518cc2   redis_test_100   183.96%   126.5MiB / 15.64GiB   0.79%     806B / 0B   0B / 0B     6
a70efd518cc2   redis_test_100   183.96%   126.5MiB / 15.64GiB   0.79%     806B / 0B   0B / 0B     6
a70efd518cc2   redis_test_100   179.36%   126.5MiB / 15.64GiB   0.79%     806B / 0B   0B / 0B     6
a70efd518cc2   redis_test_100   179.36%   126.5MiB / 15.64GiB   0.79%     806B / 0B   0B / 0B     6
a70efd518cc2   redis_test_100   185.31%   126.5MiB / 15.64GiB   0.79%     806B / 0B   0B / 0B     6
a70efd518cc2   redis_test_100   185.31%   126.5MiB / 15.64GiB   0.79%     806B / 0B   0B / 0B     6
a70efd518cc2   redis_test_100   183.72%   122.8MiB / 15.64GiB   0.77%     806B / 0B   0B / 0B     6
a70efd518cc2   redis_test_100   183.72%   122.8MiB / 15.64GiB   0.77%     806B / 0B   0B / 0B     6
a70efd518cc2   redis_test_100   182.49%   122.7MiB / 15.64GiB   0.77%     806B / 0B   0B / 0B     6
a70efd518cc2   redis_test_100   182.49%   122.7MiB / 15.64GiB   0.77%     806B / 0B   0B / 0B     6
a70efd518cc2   redis_test_100   183.74%   122.5MiB / 15.64GiB   0.77%     876B / 0B   0B / 0B     6
a70efd518cc2   redis_test_100   183.74%   122.5MiB / 15.64GiB   0.77%     876B / 0B   0B / 0B     6

d65a38e52d82   redis_test_200   0.03%     1.023MiB / 15.64GiB   0.01%     200B / 0B   0B / 0B     1
d65a38e52d82   redis_test_200   0.03%     1.023MiB / 15.64GiB   0.01%     200B / 0B   0B / 0B     1
d65a38e52d82   redis_test_200   145.02%   38.2MiB / 15.64GiB   0.24%     486B / 0B   0B / 0B     6
d65a38e52d82   redis_test_200   145.02%   38.2MiB / 15.64GiB   0.24%     486B / 0B   0B / 0B     6
d65a38e52d82   redis_test_200   188.48%   75.15MiB / 15.64GiB   0.47%     646B / 0B   0B / 0B     6
d65a38e52d82   redis_test_200   188.48%   75.15MiB / 15.64GiB   0.47%     646B / 0B   0B / 0B     6
d65a38e52d82   redis_test_200   189.55%   110.5MiB / 15.64GiB   0.69%     736B / 0B   0B / 0B     6
d65a38e52d82   redis_test_200   189.55%   110.5MiB / 15.64GiB   0.69%     736B / 0B   0B / 0B     6
d65a38e52d82   redis_test_200   187.77%   135.1MiB / 15.64GiB   0.84%     736B / 0B   0B / 0B     6
d65a38e52d82   redis_test_200   187.77%   135.1MiB / 15.64GiB   0.84%     736B / 0B   0B / 0B     6
d65a38e52d82   redis_test_200   168.44%   154.2MiB / 15.64GiB   0.96%     736B / 0B   0B / 0B     6
d65a38e52d82   redis_test_200   168.44%   154.2MiB / 15.64GiB   0.96%     736B / 0B   0B / 0B     6
d65a38e52d82   redis_test_200   191.28%   181.4MiB / 15.64GiB   1.13%     736B / 0B   0B / 0B     6
d65a38e52d82   redis_test_200   191.28%   181.4MiB / 15.64GiB   1.13%     736B / 0B   0B / 0B     6
d65a38e52d82   redis_test_200   177.12%   194.8MiB / 15.64GiB   1.22%     806B / 0B   0B / 0B     6
d65a38e52d82   redis_test_200   177.12%   194.8MiB / 15.64GiB   1.22%     806B / 0B   0B / 0B     6
d65a38e52d82   redis_test_200   176.30%   194.8MiB / 15.64GiB   1.22%     806B / 0B   0B / 0B     6
d65a38e52d82   redis_test_200   176.30%   194.8MiB / 15.64GiB   1.22%     806B / 0B   0B / 0B     6
d65a38e52d82   redis_test_200   184.35%   194.7MiB / 15.64GiB   1.22%     806B / 0B   0B / 0B     6
d65a38e52d82   redis_test_200   184.35%   194.7MiB / 15.64GiB   1.22%     806B / 0B   0B / 0B     6
d65a38e52d82   redis_test_200   183.07%   194.7MiB / 15.64GiB   1.22%     806B / 0B   0B / 0B     6
d65a38e52d82   redis_test_200   183.07%   194.7MiB / 15.64GiB   1.22%     806B / 0B   0B / 0B     6
d65a38e52d82   redis_test_200   183.67%   190.8MiB / 15.64GiB   1.19%     806B / 0B   0B / 0B     6
d65a38e52d82   redis_test_200   183.67%   190.8MiB / 15.64GiB   1.19%     806B / 0B   0B / 0B     6
d65a38e52d82   redis_test_200   182.59%   190.9MiB / 15.64GiB   1.19%     806B / 0B   0B / 0B     6
d65a38e52d82   redis_test_200   182.59%   190.9MiB / 15.64GiB   1.19%     806B / 0B   0B / 0B     6
d65a38e52d82   redis_test_200   175.44%   190.9MiB / 15.64GiB   1.19%     806B / 0B   0B / 0B     6
d65a38e52d82   redis_test_200   175.44%   190.9MiB / 15.64GiB   1.19%     806B / 0B   0B / 0B     6
d65a38e52d82   redis_test_200   138.57%   189MiB / 15.64GiB   1.18%     806B / 0B   0B / 0B     5

ab3c5c94a87a   redis_test_500   0.02%     1004KiB / 15.64GiB   0.01%     200B / 0B   0B / 0B     1
ab3c5c94a87a   redis_test_500   0.02%     1004KiB / 15.64GiB   0.01%     200B / 0B   0B / 0B     1
ab3c5c94a87a   redis_test_500   146.68%   68.92MiB / 15.64GiB   0.43%     486B / 0B   0B / 0B     6
ab3c5c94a87a   redis_test_500   146.68%   68.92MiB / 15.64GiB   0.43%     486B / 0B   0B / 0B     6
ab3c5c94a87a   redis_test_500   190.89%   143.1MiB / 15.64GiB   0.89%     646B / 0B   0B / 0B     6
ab3c5c94a87a   redis_test_500   190.89%   143.1MiB / 15.64GiB   0.89%     646B / 0B   0B / 0B     6
ab3c5c94a87a   redis_test_500   191.77%   209.3MiB / 15.64GiB   1.31%     736B / 0B   0B / 0B     6
ab3c5c94a87a   redis_test_500   191.77%   209.3MiB / 15.64GiB   1.31%     736B / 0B   0B / 0B     6
ab3c5c94a87a   redis_test_500   186.99%   260.5MiB / 15.64GiB   1.63%     736B / 0B   0B / 0B     6
ab3c5c94a87a   redis_test_500   186.99%   260.5MiB / 15.64GiB   1.63%     736B / 0B   0B / 0B     6
ab3c5c94a87a   redis_test_500   191.17%   306.1MiB / 15.64GiB   1.91%     736B / 0B   0B / 0B     6
ab3c5c94a87a   redis_test_500   191.17%   306.1MiB / 15.64GiB   1.91%     736B / 0B   0B / 0B     6
ab3c5c94a87a   redis_test_500   188.35%   350.4MiB / 15.64GiB   2.19%     806B / 0B   0B / 0B     6
ab3c5c94a87a   redis_test_500   188.35%   350.4MiB / 15.64GiB   2.19%     806B / 0B   0B / 0B     6
ab3c5c94a87a   redis_test_500   179.54%   378.5MiB / 15.64GiB   2.36%     806B / 0B   0B / 0B     6
ab3c5c94a87a   redis_test_500   179.54%   378.5MiB / 15.64GiB   2.36%     806B / 0B   0B / 0B     6
ab3c5c94a87a   redis_test_500   182.38%   378.5MiB / 15.64GiB   2.36%     806B / 0B   0B / 0B     6
ab3c5c94a87a   redis_test_500   182.38%   378.5MiB / 15.64GiB   2.36%     806B / 0B   0B / 0B     6
ab3c5c94a87a   redis_test_500   177.48%   378.6MiB / 15.64GiB   2.36%     806B / 0B   0B / 0B     6
ab3c5c94a87a   redis_test_500   177.48%   378.6MiB / 15.64GiB   2.36%     806B / 0B   0B / 0B     6
ab3c5c94a87a   redis_test_500   183.55%   378.5MiB / 15.64GiB   2.36%     806B / 0B   0B / 0B     6
ab3c5c94a87a   redis_test_500   183.55%   378.5MiB / 15.64GiB   2.36%     806B / 0B   0B / 0B     6
ab3c5c94a87a   redis_test_500   179.40%   378.5MiB / 15.64GiB   2.36%     806B / 0B   0B / 0B     6
ab3c5c94a87a   redis_test_500   179.40%   378.5MiB / 15.64GiB   2.36%     806B / 0B   0B / 0B     6
ab3c5c94a87a   redis_test_500   177.37%   378.5MiB / 15.64GiB   2.36%     806B / 0B   0B / 0B     6
ab3c5c94a87a   redis_test_500   177.37%   378.5MiB / 15.64GiB   2.36%     806B / 0B   0B / 0B     6
ab3c5c94a87a   redis_test_500   183.44%   378.4MiB / 15.64GiB   2.36%     806B / 0B   0B / 0B     6
ab3c5c94a87a   redis_test_500   183.44%   378.4MiB / 15.64GiB   2.36%     806B / 0B   0B / 0B     6
ab3c5c94a87a   redis_test_500   163.26%   371.8MiB / 15.64GiB   2.32%     876B / 0B   0B / 0B     5
ab3c5c94a87a   redis_test_500   163.26%   371.8MiB / 15.64GiB   2.32%     876B / 0B   0B / 0B     5
ab3c5c94a87a   redis_test_500   163.26%   371.8MiB / 15.64GiB   2.32%     876B / 0B   0B / 0B     5
ab3c5c94a87a   redis_test_500   25.15%    374MiB / 15.64GiB   2.34%     876B / 0B   0B / 67.1MB   5
ab3c5c94a87a   redis_test_500   25.15%    374MiB / 15.64GiB   2.34%     876B / 0B   0B / 67.1MB   5
ab3c5c94a87a   redis_test_500   77.11%    378MiB / 15.64GiB   2.36%     876B / 0B   0B / 201MB   5
ab3c5c94a87a   redis_test_500   77.11%    378MiB / 15.64GiB   2.36%     876B / 0B   0B / 201MB   5
ab3c5c94a87a   redis_test_500   47.63%    380.4MiB / 15.64GiB   2.38%     876B / 0B   0B / 268MB   5

6617d5cc82a4   redis_test_1000   0.02%     516KiB / 15.64GiB   0.00%     200B / 0B   0B / 0B     1
6617d5cc82a4   redis_test_1000   0.02%     516KiB / 15.64GiB   0.00%     200B / 0B   0B / 0B     1
6617d5cc82a4   redis_test_1000   152.99%   119.1MiB / 15.64GiB   0.74%     486B / 0B   0B / 0B     6
6617d5cc82a4   redis_test_1000   152.99%   119.1MiB / 15.64GiB   0.74%     486B / 0B   0B / 0B     6
6617d5cc82a4   redis_test_1000   196.79%   253MiB / 15.64GiB   1.58%     736B / 0B   0B / 0B     6
6617d5cc82a4   redis_test_1000   196.79%   253MiB / 15.64GiB   1.58%     736B / 0B   0B / 0B     6
6617d5cc82a4   redis_test_1000   192.64%   371.4MiB / 15.64GiB   2.32%     736B / 0B   0B / 0B     6
6617d5cc82a4   redis_test_1000   192.64%   371.4MiB / 15.64GiB   2.32%     736B / 0B   0B / 0B     6
6617d5cc82a4   redis_test_1000   192.29%   468.8MiB / 15.64GiB   2.93%     736B / 0B   0B / 0B     6
6617d5cc82a4   redis_test_1000   192.29%   468.8MiB / 15.64GiB   2.93%     736B / 0B   0B / 0B     6
6617d5cc82a4   redis_test_1000   193.65%   554MiB / 15.64GiB   3.46%     736B / 0B   0B / 0B     6
6617d5cc82a4   redis_test_1000   193.65%   554MiB / 15.64GiB   3.46%     736B / 0B   0B / 0B     6
6617d5cc82a4   redis_test_1000   190.87%   633.1MiB / 15.64GiB   3.95%     806B / 0B   0B / 0B     6
6617d5cc82a4   redis_test_1000   190.87%   633.1MiB / 15.64GiB   3.95%     806B / 0B   0B / 0B     6
6617d5cc82a4   redis_test_1000   192.87%   696.7MiB / 15.64GiB   4.35%     806B / 0B   0B / 0B     6
6617d5cc82a4   redis_test_1000   192.87%   696.7MiB / 15.64GiB   4.35%     806B / 0B   0B / 0B     6
6617d5cc82a4   redis_test_1000   171.38%   697.8MiB / 15.64GiB   4.36%     806B / 0B   0B / 0B     6
6617d5cc82a4   redis_test_1000   171.38%   697.8MiB / 15.64GiB   4.36%     806B / 0B   0B / 0B     6
6617d5cc82a4   redis_test_1000   183.46%   698MiB / 15.64GiB   4.36%     806B / 0B   0B / 0B     6
6617d5cc82a4   redis_test_1000   183.46%   698MiB / 15.64GiB   4.36%     806B / 0B   0B / 0B     6
6617d5cc82a4   redis_test_1000   173.11%   698MiB / 15.64GiB   4.36%     806B / 0B   0B / 0B     6
6617d5cc82a4   redis_test_1000   173.11%   698MiB / 15.64GiB   4.36%     806B / 0B   0B / 0B     6
6617d5cc82a4   redis_test_1000   181.30%   698.1MiB / 15.64GiB   4.36%     806B / 0B   0B / 0B     6
6617d5cc82a4   redis_test_1000   181.30%   698.1MiB / 15.64GiB   4.36%     806B / 0B   0B / 0B     6
6617d5cc82a4   redis_test_1000   184.39%   698.1MiB / 15.64GiB   4.36%     806B / 0B   0B / 0B     6
6617d5cc82a4   redis_test_1000   184.39%   698.1MiB / 15.64GiB   4.36%     806B / 0B   0B / 0B     6
6617d5cc82a4   redis_test_1000   184.71%   698.1MiB / 15.64GiB   4.36%     806B / 0B   0B / 0B     6
6617d5cc82a4   redis_test_1000   184.71%   698.1MiB / 15.64GiB   4.36%     806B / 0B   0B / 0B     6
6617d5cc82a4   redis_test_1000   185.90%   694.1MiB / 15.64GiB   4.33%     876B / 0B   0B / 0B     6
6617d5cc82a4   redis_test_1000   185.90%   694.1MiB / 15.64GiB   4.33%     876B / 0B   0B / 0B     6
6617d5cc82a4   redis_test_1000   59.78%    693.4MiB / 15.64GiB   4.33%     876B / 0B   0B / 67.1MB   5
6617d5cc82a4   redis_test_1000   59.78%    693.4MiB / 15.64GiB   4.33%     876B / 0B   0B / 67.1MB   5
6617d5cc82a4   redis_test_1000   91.70%    698.7MiB / 15.64GiB   4.36%     876B / 0B   0B / 235MB   5
6617d5cc82a4   redis_test_1000   91.70%    698.7MiB / 15.64GiB   4.36%     876B / 0B   0B / 235MB   5
6617d5cc82a4   redis_test_1000   90.63%    704.1MiB / 15.64GiB   4.40%     876B / 0B   12.3kB / 436MB   5
6617d5cc82a4   redis_test_1000   90.63%    704.1MiB / 15.64GiB   4.40%     876B / 0B   12.3kB / 436MB   5

f44baee497b0   redis_test_2000   0.02%     904KiB / 15.64GiB   0.01%     200B / 0B   0B / 0B     1
f44baee497b0   redis_test_2000   0.02%     904KiB / 15.64GiB   0.01%     200B / 0B   0B / 0B     1
f44baee497b0   redis_test_2000   143.08%   204.9MiB / 15.64GiB   1.28%     486B / 0B   0B / 0B     6
f44baee497b0   redis_test_2000   143.08%   204.9MiB / 15.64GiB   1.28%     486B / 0B   0B / 0B     6
f44baee497b0   redis_test_2000   194.42%   467.1MiB / 15.64GiB   2.92%     736B / 0B   0B / 0B     6
f44baee497b0   redis_test_2000   194.42%   467.1MiB / 15.64GiB   2.92%     736B / 0B   0B / 0B     6
f44baee497b0   redis_test_2000   194.45%   695.7MiB / 15.64GiB   4.34%     736B / 0B   0B / 0B     6
f44baee497b0   redis_test_2000   194.45%   695.7MiB / 15.64GiB   4.34%     736B / 0B   0B / 0B     6
f44baee497b0   redis_test_2000   194.94%   886.7MiB / 15.64GiB   5.54%     736B / 0B   0B / 0B     6
f44baee497b0   redis_test_2000   194.94%   886.7MiB / 15.64GiB   5.54%     736B / 0B   0B / 0B     6
f44baee497b0   redis_test_2000   194.31%   1.026GiB / 15.64GiB   6.56%     736B / 0B   0B / 0B     6
f44baee497b0   redis_test_2000   194.31%   1.026GiB / 15.64GiB   6.56%     736B / 0B   0B / 0B     6
f44baee497b0   redis_test_2000   194.52%   1.176GiB / 15.64GiB   7.52%     806B / 0B   0B / 0B     6
f44baee497b0   redis_test_2000   194.52%   1.176GiB / 15.64GiB   7.52%     806B / 0B   0B / 0B     6
f44baee497b0   redis_test_2000   193.22%   1.292GiB / 15.64GiB   8.26%     806B / 0B   0B / 0B     6
f44baee497b0   redis_test_2000   193.22%   1.292GiB / 15.64GiB   8.26%     806B / 0B   0B / 0B     6
f44baee497b0   redis_test_2000   176.01%   1.306GiB / 15.64GiB   8.35%     806B / 0B   0B / 0B     6
f44baee497b0   redis_test_2000   176.01%   1.306GiB / 15.64GiB   8.35%     806B / 0B   0B / 0B     6
f44baee497b0   redis_test_2000   185.65%   1.306GiB / 15.64GiB   8.35%     806B / 0B   0B / 0B     6
f44baee497b0   redis_test_2000   185.65%   1.306GiB / 15.64GiB   8.35%     806B / 0B   0B / 0B     6
f44baee497b0   redis_test_2000   184.14%   1.306GiB / 15.64GiB   8.35%     806B / 0B   0B / 0B     6
f44baee497b0   redis_test_2000   184.14%   1.306GiB / 15.64GiB   8.35%     806B / 0B   0B / 0B     6
f44baee497b0   redis_test_2000   184.14%   1.306GiB / 15.64GiB   8.35%     806B / 0B   0B / 0B     6
f44baee497b0   redis_test_2000   180.42%   1.303GiB / 15.64GiB   8.33%     806B / 0B   0B / 0B     6
f44baee497b0   redis_test_2000   180.42%   1.303GiB / 15.64GiB   8.33%     806B / 0B   0B / 0B     6
f44baee497b0   redis_test_2000   181.31%   1.302GiB / 15.64GiB   8.33%     806B / 0B   0B / 0B     6
f44baee497b0   redis_test_2000   181.31%   1.302GiB / 15.64GiB   8.33%     806B / 0B   0B / 0B     6
f44baee497b0   redis_test_2000   180.95%   1.303GiB / 15.64GiB   8.33%     806B / 0B   0B / 0B     6
f44baee497b0   redis_test_2000   180.95%   1.303GiB / 15.64GiB   8.33%     806B / 0B   0B / 0B     6
f44baee497b0   redis_test_2000   176.67%   1.303GiB / 15.64GiB   8.33%     806B / 0B   0B / 0B     6
f44baee497b0   redis_test_2000   176.67%   1.303GiB / 15.64GiB   8.33%     806B / 0B   0B / 0B     6
f44baee497b0   redis_test_2000   140.76%   1.3GiB / 15.64GiB   8.31%     876B / 0B   0B / 0B     5
f44baee497b0   redis_test_2000   140.76%   1.3GiB / 15.64GiB   8.31%     876B / 0B   0B / 0B     5
f44baee497b0   redis_test_2000   62.98%    1.304GiB / 15.64GiB   8.34%     876B / 0B   0B / 134MB   5
f44baee497b0   redis_test_2000   62.98%    1.304GiB / 15.64GiB   8.34%     876B / 0B   0B / 134MB   5
f44baee497b0   redis_test_2000   91.21%    1.309GiB / 15.64GiB   8.37%     876B / 0B   0B / 302MB   5
f44baee497b0   redis_test_2000   91.21%    1.309GiB / 15.64GiB   8.37%     876B / 0B   0B / 302MB   5
f44baee497b0   redis_test_2000   50.58%    1.311GiB / 15.64GiB   8.38%     876B / 0B   0B / 436MB   5
f44baee497b0   redis_test_2000   50.58%    1.311GiB / 15.64GiB   8.38%     876B / 0B   0B / 436MB   5
f44baee497b0   redis_test_2000   90.85%    1.317GiB / 15.64GiB   8.42%     876B / 0B   0B / 638MB   5
f44baee497b0   redis_test_2000   90.85%    1.317GiB / 15.64GiB   8.42%     876B / 0B   0B / 638MB   5
f44baee497b0   redis_test_2000   89.59%    1.322GiB / 15.64GiB   8.45%     876B / 0B   0B / 805MB   5
f44baee497b0   redis_test_2000   89.59%    1.322GiB / 15.64GiB   8.45%     876B / 0B   0B / 805MB   5
f44baee497b0   redis_test_2000   80.84%    1.327GiB / 15.64GiB   8.48%     876B / 0B   0B / 1.01GB   5
f44baee497b0   redis_test_2000   80.84%    1.327GiB / 15.64GiB   8.48%     876B / 0B   0B / 1.01GB   5
f44baee497b0   redis_test_2000   67.63%    1.329GiB / 15.64GiB   8.50%     876B / 0B   0B / 1.14GB   5

188bd98202cf   redis_test_5000   0.02%     1.242MiB / 15.64GiB   0.01%     200B / 0B   0B / 0B     1
188bd98202cf   redis_test_5000   0.02%     1.242MiB / 15.64GiB   0.01%     200B / 0B   0B / 0B     1
188bd98202cf   redis_test_5000   152.45%   509.7MiB / 15.64GiB   3.18%     486B / 0B   0B / 0B     6
188bd98202cf   redis_test_5000   152.45%   509.7MiB / 15.64GiB   3.18%     486B / 0B   0B / 0B     6
188bd98202cf   redis_test_5000   195.47%   1.066GiB / 15.64GiB   6.82%     646B / 0B   0B / 0B     6
188bd98202cf   redis_test_5000   195.47%   1.066GiB / 15.64GiB   6.82%     646B / 0B   0B / 0B     6
188bd98202cf   redis_test_5000   195.49%   1.567GiB / 15.64GiB   10.02%    736B / 0B   0B / 0B     6
188bd98202cf   redis_test_5000   195.49%   1.567GiB / 15.64GiB   10.02%    736B / 0B   0B / 0B     6
188bd98202cf   redis_test_5000   195.05%   2GiB / 15.64GiB     12.79%    736B / 0B   0B / 0B     6
188bd98202cf   redis_test_5000   195.05%   2GiB / 15.64GiB     12.79%    736B / 0B   0B / 0B     6
188bd98202cf   redis_test_5000   195.06%   2.374GiB / 15.64GiB   15.18%    736B / 0B   0B / 0B     6
188bd98202cf   redis_test_5000   195.06%   2.374GiB / 15.64GiB   15.18%    736B / 0B   0B / 0B     6
188bd98202cf   redis_test_5000   195.88%   2.694GiB / 15.64GiB   17.23%    736B / 0B   0B / 0B     6
188bd98202cf   redis_test_5000   195.88%   2.694GiB / 15.64GiB   17.23%    736B / 0B   0B / 0B     6
188bd98202cf   redis_test_5000   195.33%   2.978GiB / 15.64GiB   19.04%    806B / 0B   0B / 0B     6
188bd98202cf   redis_test_5000   195.33%   2.978GiB / 15.64GiB   19.04%    806B / 0B   0B / 0B     6
188bd98202cf   redis_test_5000   195.33%   2.978GiB / 15.64GiB   19.04%    806B / 0B   0B / 0B     6
188bd98202cf   redis_test_5000   176.75%   3.102GiB / 15.64GiB   19.84%    806B / 0B   0B / 0B     6
188bd98202cf   redis_test_5000   176.75%   3.102GiB / 15.64GiB   19.84%    806B / 0B   0B / 0B     6
188bd98202cf   redis_test_5000   185.79%   3.103GiB / 15.64GiB   19.84%    806B / 0B   0B / 0B     6
188bd98202cf   redis_test_5000   185.79%   3.103GiB / 15.64GiB   19.84%    806B / 0B   0B / 0B     6
188bd98202cf   redis_test_5000   185.62%   3.103GiB / 15.64GiB   19.84%    806B / 0B   0B / 0B     6
188bd98202cf   redis_test_5000   185.62%   3.103GiB / 15.64GiB   19.84%    806B / 0B   0B / 0B     6
188bd98202cf   redis_test_5000   180.61%   3.099GiB / 15.64GiB   19.82%    806B / 0B   0B / 0B     6
188bd98202cf   redis_test_5000   180.61%   3.099GiB / 15.64GiB   19.82%    806B / 0B   0B / 0B     6
188bd98202cf   redis_test_5000   180.33%   3.099GiB / 15.64GiB   19.82%    806B / 0B   0B / 0B     6
188bd98202cf   redis_test_5000   180.33%   3.099GiB / 15.64GiB   19.82%    806B / 0B   0B / 0B     6
188bd98202cf   redis_test_5000   182.82%   3.099GiB / 15.64GiB   19.82%    806B / 0B   0B / 0B     6
188bd98202cf   redis_test_5000   182.82%   3.099GiB / 15.64GiB   19.82%    806B / 0B   0B / 0B     6
188bd98202cf   redis_test_5000   185.23%   3.099GiB / 15.64GiB   19.82%    806B / 0B   0B / 0B     6
188bd98202cf   redis_test_5000   185.23%   3.099GiB / 15.64GiB   19.82%    806B / 0B   0B / 0B     6
188bd98202cf   redis_test_5000   186.15%   3.099GiB / 15.64GiB   19.82%    806B / 0B   0B / 0B     6
188bd98202cf   redis_test_5000   186.15%   3.099GiB / 15.64GiB   19.82%    806B / 0B   0B / 0B     6
188bd98202cf   redis_test_5000   126.99%   3.097GiB / 15.64GiB   19.80%    876B / 0B   0B / 33.6MB   5
188bd98202cf   redis_test_5000   126.99%   3.097GiB / 15.64GiB   19.80%    876B / 0B   0B / 33.6MB   5
188bd98202cf   redis_test_5000   90.40%    3.103GiB / 15.64GiB   19.84%    876B / 0B   0B / 235MB   5
188bd98202cf   redis_test_5000   90.40%    3.103GiB / 15.64GiB   19.84%    876B / 0B   0B / 235MB   5
188bd98202cf   redis_test_5000   43.48%    3.105GiB / 15.64GiB   19.85%    876B / 0B   24.6kB / 336MB   5
188bd98202cf   redis_test_5000   43.48%    3.105GiB / 15.64GiB   19.85%    876B / 0B   24.6kB / 336MB   5
188bd98202cf   redis_test_5000   84.05%    3.11GiB / 15.64GiB   19.89%    876B / 0B   24.6kB / 537MB   5
188bd98202cf   redis_test_5000   84.05%    3.11GiB / 15.64GiB   19.89%    876B / 0B   24.6kB / 537MB   5
188bd98202cf   redis_test_5000   6.58%     3.11GiB / 15.64GiB   19.89%    876B / 0B   24.6kB / 537MB   5
188bd98202cf   redis_test_5000   6.58%     3.11GiB / 15.64GiB   19.89%    876B / 0B   24.6kB / 537MB   5
188bd98202cf   redis_test_5000   90.68%    3.116GiB / 15.64GiB   19.93%    876B / 0B   24.6kB / 738MB   5
188bd98202cf   redis_test_5000   90.68%    3.116GiB / 15.64GiB   19.93%    876B / 0B   24.6kB / 738MB   5
188bd98202cf   redis_test_5000   91.55%    3.121GiB / 15.64GiB   19.96%    876B / 0B   24.6kB / 940MB   5
188bd98202cf   redis_test_5000   91.55%    3.121GiB / 15.64GiB   19.96%    876B / 0B   24.6kB / 940MB   5
188bd98202cf   redis_test_5000   76.59%    3.125GiB / 15.64GiB   19.99%    876B / 0B   41kB / 1.14GB   5
188bd98202cf   redis_test_5000   76.59%    3.125GiB / 15.64GiB   19.99%    876B / 0B   41kB / 1.14GB   5
188bd98202cf   redis_test_5000   13.54%    3.126GiB / 15.64GiB   19.99%    876B / 0B   41kB / 1.14GB   5
188bd98202cf   redis_test_5000   13.54%    3.126GiB / 15.64GiB   19.99%    876B / 0B   41kB / 1.14GB   5
188bd98202cf   redis_test_5000   1.70%     3.126GiB / 15.64GiB   19.99%    876B / 0B   41kB / 1.17GB   5
188bd98202cf   redis_test_5000   1.70%     3.126GiB / 15.64GiB   19.99%    876B / 0B   41kB / 1.17GB   5
